<?xml version="1.0" encoding="UTF-8"?>
<testsuite name="basiclibrary.LibraryTest" tests="1" skipped="0" failures="0" errors="0" timestamp="2021-09-28T00:13:03" hostname="MOHA88" time="0.029">
  <properties/>
  <testcase name="someLibraryMethodReturnsTrue()" classname="basiclibrary.LibraryTest" time="0.029"/>
  <system-out><![CDATA[]]></system-out>
  <system-err><![CDATA[]]></system-err>
</testsuite>
